<?xml version="1.0" encoding="UTF-8"?>
<!-- Generated by org.testng.reporters.JUnitReportReporter -->
<testsuite hostname="DESKTOP-CTBLBBO" failures="0" tests="1" name="test.TestngDemo" time="1.640" errors="0" timestamp="2021-07-09T00:12:57 IST" skipped="0">
  <testcase classname="test.TestngDemo" name="GoogleSearch" time="1.640"/>
  <system-out/>
</testsuite> <!-- test.TestngDemo -->
