<?xml version="1.0" encoding="UTF-8"?>
<!-- Generated by org.testng.reporters.JUnitReportReporter -->
<testsuite hostname="DESKTOP-CTBLBBO" failures="0" tests="1" name="test.TestngDemo2" time="1.223" errors="0" timestamp="2021-07-09T00:12:57 IST" skipped="0">
  <testcase classname="test.TestngDemo2" name="GoogleSearch1" time="1.223"/>
  <system-out/>
</testsuite> <!-- test.TestngDemo2 -->
